androidHeartRate/build/outputs/logs/manifest-merger-release-report.txt
-- Merging decision tree log ---
manifest
ADDED from src\main\AndroidManifest.xml:2:1-22:12
INJECTED from src\main\AndroidManifest.xml:2:1-22:12
INJECTED from src\main\AndroidManifest.xml:2:1-22:12
INJECTED from src\main\AndroidManifest.xml:2:1-22:12
INJECTED from src\main\AndroidManifest.xml:2:1-22:12
INJECTED from src\main\AndroidManifest.xml:2:1-22:12
INJECTED from src\main\AndroidManifest.xml:2:1-22:12
	package
		ADDED from src\main\AndroidManifest.xml:3:7-50
		INJECTED from src\main\AndroidManifest.xml
		INJECTED from src\main\AndroidManifest.xml
	android:versionName
		ADDED from src\main\AndroidManifest.xml:5:7-32
		INJECTED from src\main\AndroidManifest.xml
		INJECTED from src\main\AndroidManifest.xml
	xmlns:android
		ADDED from src\main\AndroidManifest.xml:2:11-69
	android:versionCode
		ADDED from src\main\AndroidManifest.xml:4:7-30
		INJECTED from src\main\AndroidManifest.xml
		INJECTED from src\main\AndroidManifest.xml
uses-sdk
ADDED from src\main\AndroidManifest.xml:7:5-73
INJECTED from src\main\AndroidManifest.xml:7:5-73
INJECTED from src\main\AndroidManifest.xml:7:5-73
INJECTED from src\main\AndroidManifest.xml:7:5-73
INJECTED from src\main\AndroidManifest.xml:7:5-73
	android:targetSdkVersion
		ADDED from src\main\AndroidManifest.xml:7:42-71
		INJECTED from src\main\AndroidManifest.xml
		INJECTED from src\main\AndroidManifest.xml
	android:minSdkVersion
		ADDED from src\main\AndroidManifest.xml:7:15-41
		INJECTED from src\main\AndroidManifest.xml
		INJECTED from src\main\AndroidManifest.xml
uses-feature#android.hardware.camera
ADDED from src\main\AndroidManifest.xml:9:5-59
	android:name
		ADDED from src\main\AndroidManifest.xml:9:19-57
uses-feature#android.hardware.camera.flash
ADDED from src\main\AndroidManifest.xml:10:5-65
	android:name
		ADDED from src\main\AndroidManifest.xml:10:19-63
uses-feature#android.hardware.camera.autofocus
ADDED from src\main\AndroidManifest.xml:11:5-70
	android:name
		ADDED from src\main\AndroidManifest.xml:11:19-67
uses-permission#android.permission.CAMERA
ADDED from src\main\AndroidManifest.xml:12:5-64
	android:name
		ADDED from src\main\AndroidManifest.xml:12:22-62
uses-permission#android.permission.WAKE_LOCK
ADDED from src\main\AndroidManifest.xml:13:5-67
	android:name
		ADDED from src\main\AndroidManifest.xml:13:22-65
application
ADDED from src\main\AndroidManifest.xml:15:5-20:19
activity#com.jwetherell.heart_rate_monitor.HeartRateMonitor
ADDED from src\main\AndroidManifest.xml:16:9-19:20
	android:screenOrientation
		ADDED from src\main\AndroidManifest.xml:18:19-55
	android:configChanges
		ADDED from src\main\AndroidManifest.xml:17:19-69
	android:name
		ADDED from src\main\AndroidManifest.xml:16:19-51